2023-03-14 18:17:37.944 [main] INFO  org.example.Calculator - [ERROR] [Input_Type_Incorrect] -1 -1
2023-03-14 18:17:55.905 [main] INFO  org.example.Calculator - [ERROR] [Input_Type_Incorrect] -1 -1
2023-03-14 18:18:09.793 [main] INFO  org.example.Calculator - [ERROR] [Input_Type_Incorrect] -1 -1
2023-03-14 18:18:21.320 [main] INFO  org.example.Calculator - [ERROR] [Input_Type_Incorrect] -1 -1
2023-03-14 18:18:27.015 [main] INFO  org.example.Calculator - [ERROR] [Input_Type_Incorrect] -1 -1
2023-03-14 18:18:28.734 [main] INFO  org.example.Calculator - [ERROR] [Input_Type_Incorrect] -1 -1
2023-03-14 18:18:30.181 [main] INFO  org.example.Calculator - [ERROR] [Input_Type_Incorrect] -1 -1
2023-03-14 18:18:38.793 [main] INFO  org.example.Calculator - [SQUARE_ROOT] [SUCCESS] 0 2.0
2023-03-14 18:18:38.795 [main] INFO  org.example.Calculator - [RESULT_SQUARE_ROOT] [SUCCESS] 0 1.4142135623730951
2023-03-14 18:18:43.651 [main] INFO  org.example.Calculator - [SQUARE_ROOT] [SUCCESS] 0 4.0
2023-03-14 18:18:43.652 [main] INFO  org.example.Calculator - [RESULT_SQUARE_ROOT] [SUCCESS] 0 2.0
2023-03-14 18:18:51.327 [main] INFO  org.example.Calculator - [FACTORIAL] [SUCCESS] 0 4.0
2023-03-14 18:18:51.335 [main] INFO  org.example.Calculator - [RESULT_FACTORIAL] [SUCCESS] 0 24
2023-03-14 18:18:58.185 [main] INFO  org.example.Calculator - [FACTORIAL] [SUCCESS] 0 9.0
2023-03-14 18:18:58.186 [main] INFO  org.example.Calculator - [RESULT_FACTORIAL] [SUCCESS] 0 362880
2023-03-14 18:19:07.894 [main] INFO  org.example.Calculator - [ERROR] [Input_Type_Incorrect] -1 -1
2023-03-14 18:19:11.664 [main] INFO  org.example.Calculator - [ERROR] [Input_Type_Incorrect] -1 -1
2023-03-14 18:19:14.202 [main] INFO  org.example.Calculator - [ERROR] [Input_Type_Incorrect] -1 -1
2023-03-14 18:19:29.340 [main] INFO  org.example.Calculator - [ERROR] [Input_Type_Incorrect] -1 -1
2023-03-14 18:19:31.712 [main] INFO  org.example.Calculator - [ERROR] [Input_Type_Incorrect] -1 -1
2023-03-14 18:19:35.084 [main] INFO  org.example.Calculator - [ERROR] [Input_Type_Incorrect] -1 -1
2023-03-14 18:19:38.634 [main] INFO  org.example.Calculator - [NATURAL_LOGARITHM] [SUCCESS] 0 5.0
2023-03-14 18:19:38.635 [main] INFO  org.example.Calculator - [RESULT_NATURAL_LOGARITHM] [SUCCESS] 0 1.6094379124341003
2023-03-14 18:19:45.686 [main] INFO  org.example.Calculator - [NATURAL_LOGARITHM] [SUCCESS] 0 564.0
2023-03-14 18:19:45.687 [main] INFO  org.example.Calculator - [RESULT_NATURAL_LOGARITHM] [SUCCESS] 0 6.335054251498059
2023-03-14 18:19:58.888 [main] INFO  org.example.Calculator - [POWER] [SUCCESS] 5.0 4.0
2023-03-14 18:19:58.890 [main] INFO  org.example.Calculator - [RESULT_POWER] [SUCCESS] 0 625.0
2023-03-14 18:20:07.133 [main] INFO  org.example.Calculator - [ERROR] [Input_Type_Incorrect] -1 -1
2023-03-14 18:20:14.356 [main] INFO  org.example.Calculator - [ERROR] [Input_Type_Incorrect] -1 -1
2023-03-14 18:20:20.975 [main] INFO  org.example.Calculator - [ERROR] [Input_Type_Incorrect] -1 -1
2023-03-14 18:20:33.438 [main] INFO  org.example.Calculator - [ERROR] [Input_Type_Incorrect] -1 -1
2023-03-14 18:20:37.177 [main] INFO  org.example.Calculator - [ERROR] [Input_Type_Incorrect] -1 -1
2023-03-14 18:20:41.503 [main] INFO  org.example.Calculator - [ERROR] [Input_Type_Incorrect] -1 -1
2023-03-14 18:20:50.552 [main] INFO  org.example.Calculator - [POWER] [SUCCESS] 4.0 4.0
2023-03-14 18:20:50.553 [main] INFO  org.example.Calculator - [RESULT_POWER] [SUCCESS] 0 256.0
